<?xml version="1.0" encoding="utf-8"?>
<coverage generated="1761161548" clover="4.3.1">
  <project timestamp="1761161548">
    <metrics complexity="0" elements="62" coveredelements="6" conditionals="36" coveredconditionals="2" statements="62" coveredstatements="6" coveredmethods="1" methods="4" classes="3" loc="103" ncloc="62" files="3" packages="1" />
    <package name="shopping-cart">
      <metrics complexity="0" elements="62" coveredelements="6" conditionals="36" coveredconditionals="2" statements="62" coveredstatements="6" coveredmethods="1" methods="4" classes="3" loc="103" ncloc="62" files="3" />
      <file path="C:\Users\elkku\otp2-tasks\inClass1\shopping-cart\src\Models\Item.cs" name="Item.cs">
        <metrics complexity="0" elements="2" coveredelements="0" conditionals="0" coveredconditionals="0" statements="2" coveredstatements="0" coveredmethods="0" methods="2" classes="1" loc="7" ncloc="2" />
        <class name="shopping_cart.Models.Item">
          <metrics complexity="0" elements="2" coveredelements="0" conditionals="0" coveredconditionals="0" statements="2" coveredstatements="0" coveredmethods="0" methods="2" />
        </class>
        <line signature="Price()" num="5" count="0" type="method" />
        <line signature="Quantity()" num="6" count="0" type="method" />
      </file>
      <file path="C:\Users\elkku\otp2-tasks\inClass1\shopping-cart\src\Program.cs" name="Program.cs">
        <metrics complexity="0" elements="54" coveredelements="0" conditionals="34" coveredconditionals="0" statements="54" coveredstatements="0" coveredmethods="0" methods="1" classes="1" loc="82" ncloc="54" />
        <class name="shopping_cart.Program">
          <metrics complexity="0" elements="54" coveredelements="0" conditionals="34" coveredconditionals="0" statements="54" coveredstatements="0" coveredmethods="0" methods="1" />
        </class>
        <line complexity="32" signature="Main()" num="12" count="0" type="method" />
        <line num="13" count="0" type="stmt" />
        <line num="14" count="0" type="stmt" />
        <line num="17" count="0" type="stmt" />
        <line num="20" count="0" type="stmt" />
        <line num="21" count="0" type="stmt" />
        <line num="22" count="0" type="stmt" />
        <line num="23" count="0" type="stmt" />
        <line falsecount="2" truecount="0" num="25" type="cond" />
        <line falsecount="8" truecount="0" num="26" type="cond" />
        <line num="27" count="0" type="stmt" />
        <line num="28" count="0" type="stmt" />
        <line num="29" count="0" type="stmt" />
        <line num="30" count="0" type="stmt" />
        <line num="31" count="0" type="stmt" />
        <line num="32" count="0" type="stmt" />
        <line num="33" count="0" type="stmt" />
        <line num="35" count="0" type="stmt" />
        <line num="36" count="0" type="stmt" />
        <line falsecount="2" truecount="0" num="38" type="cond" />
        <line num="40" count="0" type="stmt" />
        <line num="41" count="0" type="stmt" />
        <line num="42" count="0" type="stmt" />
        <line num="43" count="0" type="stmt" />
        <line num="44" count="0" type="stmt" />
        <line falsecount="2" truecount="0" num="45" type="cond" />
        <line num="46" count="0" type="stmt" />
        <line falsecount="4" truecount="0" num="48" type="cond" />
        <line num="49" count="0" type="stmt" />
        <line num="50" count="0" type="stmt" />
        <line num="51" count="0" type="stmt" />
        <line num="54" count="0" type="stmt" />
        <line num="55" count="0" type="stmt" />
        <line falsecount="4" truecount="0" num="56" type="cond" />
        <line num="57" count="0" type="stmt" />
        <line num="58" count="0" type="stmt" />
        <line num="59" count="0" type="stmt" />
        <line num="62" count="0" type="stmt" />
        <line num="64" count="0" type="stmt" />
        <line falsecount="2" truecount="0" num="65" type="cond" />
        <line falsecount="6" truecount="0" num="66" type="cond" />
        <line num="67" count="0" type="stmt" />
        <line falsecount="2" truecount="0" num="68" type="cond" />
        <line num="69" count="0" type="stmt" />
        <line num="70" count="0" type="stmt" />
        <line num="72" count="0" type="stmt" />
        <line falsecount="2" truecount="0" num="73" type="cond" />
        <line num="74" count="0" type="stmt" />
        <line num="76" count="0" type="stmt" />
        <line num="77" count="0" type="stmt" />
        <line num="78" count="0" type="stmt" />
        <line num="79" count="0" type="stmt" />
        <line num="80" count="0" type="stmt" />
        <line num="81" count="0" type="stmt" />
      </file>
      <file path="C:\Users\elkku\otp2-tasks\inClass1\shopping-cart\src\Services\PricingService.cs" name="PricingService.cs">
        <metrics complexity="0" elements="6" coveredelements="6" conditionals="2" coveredconditionals="2" statements="6" coveredstatements="6" coveredmethods="1" methods="1" classes="1" loc="14" ncloc="6" />
        <class name="shopping_cart.Services.PricingService">
          <metrics complexity="0" elements="6" coveredelements="6" conditionals="2" coveredconditionals="2" statements="6" coveredstatements="6" coveredmethods="1" methods="1" />
        </class>
        <line complexity="2" signature="CalculateTotal(System.Collections.Generic.IEnumerable`1&lt;System.ValueTuple`2&lt;System.Decimal,System.Int32&gt;&gt;)" num="8" count="44" type="method" />
        <line num="9" count="8" type="stmt" />
        <line falsecount="0" truecount="2" num="10" type="cond" />
        <line num="11" count="10" type="stmt" />
        <line num="12" count="8" type="stmt" />
        <line num="13" count="8" type="stmt" />
      </file>
    </package>
  </project>
  <testproject timestamp="1761161548">
    <metrics complexity="0" elements="0" coveredelements="0" conditionals="0" coveredconditionals="0" statements="0" coveredstatements="0" coveredmethods="0" methods="0" classes="0" loc="0" ncloc="0" files="0" packages="0" />
  </testproject>
</coverage>