<?xml version="1.0" encoding="utf-8"?>
<CoverageSession>
  <Summary numSequencePoints="62" visitedSequencePoints="6" numBranchPoints="36" visitedBranchPoints="2" sequenceCoverage="9.67" branchCoverage="5.55" maxCyclomaticComplexity="38" minCyclomaticComplexity="38" visitedClasses="1" numClasses="3" visitedMethods="1" numMethods="5" />
  <Modules>
    <Module hash="84524F88-0BB6-4E72-BD1E-BE22481ADE9F">
      <ModulePath>shopping-cart.dll</ModulePath>
      <ModuleTime>2025-10-22T07.32.27</ModuleTime>
      <ModuleName>shopping-cart</ModuleName>
      <Files>
        <File uid="1" fullPath="C:\Users\elkku\otp2-tasks\inClass1\shopping-cart\src\Program.cs" />
        <File uid="2" fullPath="C:\Users\elkku\otp2-tasks\inClass1\shopping-cart\src\Services\PricingService.cs" />
        <File uid="3" fullPath="C:\Users\elkku\otp2-tasks\inClass1\shopping-cart\src\Models\Item.cs" />
      </Files>
      <Classes>
        <Class>
          <Summary numSequencePoints="54" visitedSequencePoints="0" numBranchPoints="34" visitedBranchPoints="0" sequenceCoverage="0" branchCoverage="0" maxCyclomaticComplexity="32" minCyclomaticComplexity="2" visitedClasses="0" numClasses="1" visitedMethods="0" numMethods="2" />
          <FullName>shopping_cart.Program</FullName>
          <Methods>
            <Method cyclomaticComplexity="32" nPathComplexity="32" sequenceCoverage="0" branchCoverage="0" isConstructor="False" isGetter="False" isSetter="False" isStatic="True">
              <Summary numSequencePoints="53" visitedSequencePoints="0" numBranchPoints="32" visitedBranchPoints="0" sequenceCoverage="0" branchCoverage="0" maxCyclomaticComplexity="32" minCyclomaticComplexity="32" visitedClasses="0" numClasses="0" visitedMethods="0" numMethods="1" />
              <MetadataToken />
              <Name>System.Void shopping_cart.Program::Main()</Name>
              <FileRef uid="1" />
              <SequencePoints>
                <SequencePoint vc="0" uspid="12" ordinal="0" sl="12" sc="1" el="12" ec="2" bec="0" bev="0" fileid="1" />
                <SequencePoint vc="0" uspid="13" ordinal="1" sl="13" sc="1" el="13" ec="2" bec="0" bev="0" fileid="1" />
                <SequencePoint vc="0" uspid="14" ordinal="2" sl="14" sc="1" el="14" ec="2" bec="0" bev="0" fileid="1" />
                <SequencePoint vc="0" uspid="17" ordinal="3" sl="17" sc="1" el="17" ec="2" bec="0" bev="0" fileid="1" />
                <SequencePoint vc="0" uspid="20" ordinal="4" sl="20" sc="1" el="20" ec="2" bec="0" bev="0" fileid="1" />
                <SequencePoint vc="0" uspid="21" ordinal="5" sl="21" sc="1" el="21" ec="2" bec="0" bev="0" fileid="1" />
                <SequencePoint vc="0" uspid="22" ordinal="6" sl="22" sc="1" el="22" ec="2" bec="0" bev="0" fileid="1" />
                <SequencePoint vc="0" uspid="23" ordinal="7" sl="23" sc="1" el="23" ec="2" bec="0" bev="0" fileid="1" />
                <SequencePoint vc="0" uspid="25" ordinal="8" sl="25" sc="1" el="25" ec="2" bec="2" bev="0" fileid="1" />
                <SequencePoint vc="0" uspid="26" ordinal="9" sl="26" sc="1" el="26" ec="2" bec="8" bev="0" fileid="1" />
                <SequencePoint vc="0" uspid="27" ordinal="10" sl="27" sc="1" el="27" ec="2" bec="0" bev="0" fileid="1" />
                <SequencePoint vc="0" uspid="28" ordinal="11" sl="28" sc="1" el="28" ec="2" bec="0" bev="0" fileid="1" />
                <SequencePoint vc="0" uspid="29" ordinal="12" sl="29" sc="1" el="29" ec="2" bec="0" bev="0" fileid="1" />
                <SequencePoint vc="0" uspid="30" ordinal="13" sl="30" sc="1" el="30" ec="2" bec="0" bev="0" fileid="1" />
                <SequencePoint vc="0" uspid="31" ordinal="14" sl="31" sc="1" el="31" ec="2" bec="0" bev="0" fileid="1" />
                <SequencePoint vc="0" uspid="32" ordinal="15" sl="32" sc="1" el="32" ec="2" bec="0" bev="0" fileid="1" />
                <SequencePoint vc="0" uspid="33" ordinal="16" sl="33" sc="1" el="33" ec="2" bec="0" bev="0" fileid="1" />
                <SequencePoint vc="0" uspid="35" ordinal="17" sl="35" sc="1" el="35" ec="2" bec="0" bev="0" fileid="1" />
                <SequencePoint vc="0" uspid="36" ordinal="18" sl="36" sc="1" el="36" ec="2" bec="0" bev="0" fileid="1" />
                <SequencePoint vc="0" uspid="40" ordinal="19" sl="40" sc="1" el="40" ec="2" bec="0" bev="0" fileid="1" />
                <SequencePoint vc="0" uspid="41" ordinal="20" sl="41" sc="1" el="41" ec="2" bec="0" bev="0" fileid="1" />
                <SequencePoint vc="0" uspid="42" ordinal="21" sl="42" sc="1" el="42" ec="2" bec="0" bev="0" fileid="1" />
                <SequencePoint vc="0" uspid="43" ordinal="22" sl="43" sc="1" el="43" ec="2" bec="0" bev="0" fileid="1" />
                <SequencePoint vc="0" uspid="44" ordinal="23" sl="44" sc="1" el="44" ec="2" bec="0" bev="0" fileid="1" />
                <SequencePoint vc="0" uspid="45" ordinal="24" sl="45" sc="1" el="45" ec="2" bec="2" bev="0" fileid="1" />
                <SequencePoint vc="0" uspid="46" ordinal="25" sl="46" sc="1" el="46" ec="2" bec="0" bev="0" fileid="1" />
                <SequencePoint vc="0" uspid="48" ordinal="26" sl="48" sc="1" el="48" ec="2" bec="4" bev="0" fileid="1" />
                <SequencePoint vc="0" uspid="49" ordinal="27" sl="49" sc="1" el="49" ec="2" bec="0" bev="0" fileid="1" />
                <SequencePoint vc="0" uspid="50" ordinal="28" sl="50" sc="1" el="50" ec="2" bec="0" bev="0" fileid="1" />
                <SequencePoint vc="0" uspid="51" ordinal="29" sl="51" sc="1" el="51" ec="2" bec="0" bev="0" fileid="1" />
                <SequencePoint vc="0" uspid="54" ordinal="30" sl="54" sc="1" el="54" ec="2" bec="0" bev="0" fileid="1" />
                <SequencePoint vc="0" uspid="55" ordinal="31" sl="55" sc="1" el="55" ec="2" bec="0" bev="0" fileid="1" />
                <SequencePoint vc="0" uspid="56" ordinal="32" sl="56" sc="1" el="56" ec="2" bec="4" bev="0" fileid="1" />
                <SequencePoint vc="0" uspid="57" ordinal="33" sl="57" sc="1" el="57" ec="2" bec="0" bev="0" fileid="1" />
                <SequencePoint vc="0" uspid="58" ordinal="34" sl="58" sc="1" el="58" ec="2" bec="0" bev="0" fileid="1" />
                <SequencePoint vc="0" uspid="59" ordinal="35" sl="59" sc="1" el="59" ec="2" bec="0" bev="0" fileid="1" />
                <SequencePoint vc="0" uspid="62" ordinal="36" sl="62" sc="1" el="62" ec="2" bec="0" bev="0" fileid="1" />
                <SequencePoint vc="0" uspid="64" ordinal="37" sl="64" sc="1" el="64" ec="2" bec="0" bev="0" fileid="1" />
                <SequencePoint vc="0" uspid="65" ordinal="38" sl="65" sc="1" el="65" ec="2" bec="2" bev="0" fileid="1" />
                <SequencePoint vc="0" uspid="66" ordinal="39" sl="66" sc="1" el="66" ec="2" bec="6" bev="0" fileid="1" />
                <SequencePoint vc="0" uspid="67" ordinal="40" sl="67" sc="1" el="67" ec="2" bec="0" bev="0" fileid="1" />
                <SequencePoint vc="0" uspid="68" ordinal="41" sl="68" sc="1" el="68" ec="2" bec="2" bev="0" fileid="1" />
                <SequencePoint vc="0" uspid="69" ordinal="42" sl="69" sc="1" el="69" ec="2" bec="0" bev="0" fileid="1" />
                <SequencePoint vc="0" uspid="70" ordinal="43" sl="70" sc="1" el="70" ec="2" bec="0" bev="0" fileid="1" />
                <SequencePoint vc="0" uspid="72" ordinal="44" sl="72" sc="1" el="72" ec="2" bec="0" bev="0" fileid="1" />
                <SequencePoint vc="0" uspid="73" ordinal="45" sl="73" sc="1" el="73" ec="2" bec="2" bev="0" fileid="1" />
                <SequencePoint vc="0" uspid="74" ordinal="46" sl="74" sc="1" el="74" ec="2" bec="0" bev="0" fileid="1" />
                <SequencePoint vc="0" uspid="76" ordinal="47" sl="76" sc="1" el="76" ec="2" bec="0" bev="0" fileid="1" />
                <SequencePoint vc="0" uspid="77" ordinal="48" sl="77" sc="1" el="77" ec="2" bec="0" bev="0" fileid="1" />
                <SequencePoint vc="0" uspid="78" ordinal="49" sl="78" sc="1" el="78" ec="2" bec="0" bev="0" fileid="1" />
                <SequencePoint vc="0" uspid="79" ordinal="50" sl="79" sc="1" el="79" ec="2" bec="0" bev="0" fileid="1" />
                <SequencePoint vc="0" uspid="80" ordinal="51" sl="80" sc="1" el="80" ec="2" bec="0" bev="0" fileid="1" />
                <SequencePoint vc="0" uspid="81" ordinal="52" sl="81" sc="1" el="81" ec="2" bec="0" bev="0" fileid="1" />
              </SequencePoints>
              <BranchPoints>
                <BranchPoint vc="0" uspid="25" ordinal="0" path="0" offset="141" offsetend="143" sl="25" fileid="1" />
                <BranchPoint vc="0" uspid="25" ordinal="1" path="1" offset="141" offsetend="147" sl="25" fileid="1" />
                <BranchPoint vc="0" uspid="26" ordinal="2" path="0" offset="168" offsetend="170" sl="26" fileid="1" />
                <BranchPoint vc="0" uspid="26" ordinal="4" path="0" offset="181" offsetend="183" sl="26" fileid="1" />
                <BranchPoint vc="0" uspid="26" ordinal="6" path="0" offset="194" offsetend="196" sl="26" fileid="1" />
                <BranchPoint vc="0" uspid="26" ordinal="3" path="1" offset="168" offsetend="211" sl="26" fileid="1" />
                <BranchPoint vc="0" uspid="26" ordinal="5" path="1" offset="181" offsetend="225" sl="26" fileid="1" />
                <BranchPoint vc="0" uspid="26" ordinal="7" path="1" offset="194" offsetend="239" sl="26" fileid="1" />
                <BranchPoint vc="0" uspid="26" ordinal="9" path="1" offset="207" offsetend="253" sl="26" fileid="1" />
                <BranchPoint vc="0" uspid="26" ordinal="8" path="0" offset="207" offsetend="267" sl="26" fileid="1" />
                <BranchPoint vc="0" uspid="45" ordinal="11" path="1" offset="367" offsetend="374" sl="45" fileid="1" />
                <BranchPoint vc="0" uspid="48" ordinal="12" path="0" offset="391" offsetend="393" sl="48" fileid="1" />
                <BranchPoint vc="0" uspid="48" ordinal="13" path="1" offset="391" offsetend="407" sl="48" fileid="1" />
                <BranchPoint vc="0" uspid="48" ordinal="14" path="0" offset="412" offsetend="414" sl="48" fileid="1" />
                <BranchPoint vc="0" uspid="48" ordinal="15" path="1" offset="412" offsetend="438" sl="48" fileid="1" />
                <BranchPoint vc="0" uspid="56" ordinal="16" path="0" offset="479" offsetend="481" sl="56" fileid="1" />
                <BranchPoint vc="0" uspid="56" ordinal="17" path="1" offset="479" offsetend="488" sl="56" fileid="1" />
                <BranchPoint vc="0" uspid="56" ordinal="18" path="0" offset="493" offsetend="495" sl="56" fileid="1" />
                <BranchPoint vc="0" uspid="56" ordinal="19" path="1" offset="493" offsetend="516" sl="56" fileid="1" />
                <BranchPoint vc="0" uspid="65" ordinal="20" path="0" offset="556" offsetend="558" sl="65" fileid="1" />
                <BranchPoint vc="0" uspid="65" ordinal="21" path="1" offset="556" offsetend="562" sl="65" fileid="1" />
                <BranchPoint vc="0" uspid="66" ordinal="22" path="0" offset="581" offsetend="583" sl="66" fileid="1" />
                <BranchPoint vc="0" uspid="66" ordinal="24" path="0" offset="595" offsetend="597" sl="66" fileid="1" />
                <BranchPoint vc="0" uspid="66" ordinal="25" path="1" offset="595" offsetend="611" sl="66" fileid="1" />
                <BranchPoint vc="0" uspid="66" ordinal="23" path="1" offset="581" offsetend="614" sl="66" fileid="1" />
                <BranchPoint vc="0" uspid="66" ordinal="27" path="1" offset="619" offsetend="623" sl="66" fileid="1" />
                <BranchPoint vc="0" uspid="68" ordinal="29" path="1" offset="634" offsetend="638" sl="68" fileid="1" />
                <BranchPoint vc="0" uspid="45" ordinal="10" path="0" offset="367" offsetend="647" sl="45" fileid="1" />
                <BranchPoint vc="0" uspid="66" ordinal="26" path="0" offset="619" offsetend="647" sl="66" fileid="1" />
                <BranchPoint vc="0" uspid="68" ordinal="28" path="0" offset="634" offsetend="647" sl="68" fileid="1" />
                <BranchPoint vc="0" uspid="73" ordinal="31" path="1" offset="715" offsetend="666" sl="73" fileid="1" />
                <BranchPoint vc="0" uspid="73" ordinal="30" path="0" offset="715" offsetend="717" sl="73" fileid="1" />
              </BranchPoints>
              <MethodPoint vc="0" uspid="0" p8:type="SequencePoint" ordinal="0" offset="0" sc="0" sl="12" ec="1" el="81" bec="0" bev="0" fileid="1" xmlns:p8="xsi" />
            </Method>
            <Method cyclomaticComplexity="2" nPathComplexity="2" sequenceCoverage="0" branchCoverage="0" isConstructor="False" isGetter="False" isSetter="False" isStatic="True">
              <Summary numSequencePoints="1" visitedSequencePoints="0" numBranchPoints="2" visitedBranchPoints="0" sequenceCoverage="0" branchCoverage="0" maxCyclomaticComplexity="2" minCyclomaticComplexity="2" visitedClasses="0" numClasses="0" visitedMethods="0" numMethods="1" />
              <MetadataToken />
              <Name>System.String shopping_cart.Program::&lt;Main&gt;g__T|0_0(System.String,shopping_cart.Program/&lt;&gt;c__DisplayClass0_0&amp;)</Name>
              <FileRef uid="1" />
              <SequencePoints>
                <SequencePoint vc="0" uspid="38" ordinal="0" sl="38" sc="1" el="38" ec="2" bec="2" bev="0" fileid="1" />
              </SequencePoints>
              <BranchPoints>
                <BranchPoint vc="0" uspid="38" ordinal="0" path="0" offset="19" offsetend="21" sl="38" fileid="1" />
                <BranchPoint vc="0" uspid="38" ordinal="1" path="1" offset="19" offsetend="23" sl="38" fileid="1" />
              </BranchPoints>
              <MethodPoint vc="0" uspid="0" p8:type="SequencePoint" ordinal="1" offset="1" sc="0" sl="38" ec="1" el="38" bec="0" bev="0" fileid="1" xmlns:p8="xsi" />
            </Method>
          </Methods>
        </Class>
        <Class>
          <Summary numSequencePoints="6" visitedSequencePoints="6" numBranchPoints="2" visitedBranchPoints="2" sequenceCoverage="100" branchCoverage="100" maxCyclomaticComplexity="2" minCyclomaticComplexity="2" visitedClasses="1" numClasses="1" visitedMethods="1" numMethods="1" />
          <FullName>shopping_cart.Services.PricingService</FullName>
          <Methods>
            <Method cyclomaticComplexity="2" nPathComplexity="2" sequenceCoverage="100" branchCoverage="100" isConstructor="False" isGetter="False" isSetter="False" isStatic="True">
              <Summary numSequencePoints="6" visitedSequencePoints="6" numBranchPoints="2" visitedBranchPoints="2" sequenceCoverage="100" branchCoverage="100" maxCyclomaticComplexity="2" minCyclomaticComplexity="2" visitedClasses="0" numClasses="0" visitedMethods="1" numMethods="1" />
              <MetadataToken />
              <Name>System.Decimal shopping_cart.Services.PricingService::CalculateTotal(System.Collections.Generic.IEnumerable`1&lt;System.ValueTuple`2&lt;System.Decimal,System.Int32&gt;&gt;)</Name>
              <FileRef uid="2" />
              <SequencePoints>
                <SequencePoint vc="8" uspid="8" ordinal="0" sl="8" sc="1" el="8" ec="2" bec="0" bev="0" fileid="2" />
                <SequencePoint vc="8" uspid="9" ordinal="1" sl="9" sc="1" el="9" ec="2" bec="0" bev="0" fileid="2" />
                <SequencePoint vc="44" uspid="10" ordinal="2" sl="10" sc="1" el="10" ec="2" bec="2" bev="2" fileid="2" />
                <SequencePoint vc="10" uspid="11" ordinal="3" sl="11" sc="1" el="11" ec="2" bec="0" bev="0" fileid="2" />
                <SequencePoint vc="8" uspid="12" ordinal="4" sl="12" sc="1" el="12" ec="2" bec="0" bev="0" fileid="2" />
                <SequencePoint vc="8" uspid="13" ordinal="5" sl="13" sc="1" el="13" ec="2" bec="0" bev="0" fileid="2" />
              </SequencePoints>
              <BranchPoints>
                <BranchPoint vc="10" uspid="10" ordinal="1" path="1" offset="63" offsetend="19" sl="10" fileid="2" />
                <BranchPoint vc="8" uspid="10" ordinal="0" path="0" offset="63" offsetend="65" sl="10" fileid="2" />
              </BranchPoints>
              <MethodPoint vc="6" uspid="0" p8:type="SequencePoint" ordinal="0" offset="0" sc="0" sl="8" ec="1" el="13" bec="0" bev="0" fileid="2" xmlns:p8="xsi" />
            </Method>
          </Methods>
        </Class>
        <Class>
          <Summary numSequencePoints="2" visitedSequencePoints="0" numBranchPoints="0" visitedBranchPoints="0" sequenceCoverage="0" branchCoverage="100" maxCyclomaticComplexity="1" minCyclomaticComplexity="1" visitedClasses="0" numClasses="1" visitedMethods="0" numMethods="2" />
          <FullName>shopping_cart.Models.Item</FullName>
          <Methods>
            <Method cyclomaticComplexity="1" nPathComplexity="1" sequenceCoverage="0" branchCoverage="100" isConstructor="False" isGetter="True" isSetter="False" isStatic="True">
              <Summary numSequencePoints="1" visitedSequencePoints="0" numBranchPoints="0" visitedBranchPoints="0" sequenceCoverage="0" branchCoverage="100" maxCyclomaticComplexity="1" minCyclomaticComplexity="1" visitedClasses="0" numClasses="0" visitedMethods="0" numMethods="1" />
              <MetadataToken />
              <Name>System.Decimal shopping_cart.Models.Item::get_Price()</Name>
              <FileRef uid="3" />
              <SequencePoints>
                <SequencePoint vc="0" uspid="5" ordinal="0" sl="5" sc="1" el="5" ec="2" bec="0" bev="0" fileid="3" />
              </SequencePoints>
              <BranchPoints />
              <MethodPoint vc="0" uspid="0" p8:type="SequencePoint" ordinal="0" offset="0" sc="0" sl="5" ec="1" el="5" bec="0" bev="0" fileid="3" xmlns:p8="xsi" />
            </Method>
            <Method cyclomaticComplexity="1" nPathComplexity="1" sequenceCoverage="0" branchCoverage="100" isConstructor="False" isGetter="True" isSetter="False" isStatic="True">
              <Summary numSequencePoints="1" visitedSequencePoints="0" numBranchPoints="0" visitedBranchPoints="0" sequenceCoverage="0" branchCoverage="100" maxCyclomaticComplexity="1" minCyclomaticComplexity="1" visitedClasses="0" numClasses="0" visitedMethods="0" numMethods="1" />
              <MetadataToken />
              <Name>System.Int32 shopping_cart.Models.Item::get_Quantity()</Name>
              <FileRef uid="3" />
              <SequencePoints>
                <SequencePoint vc="0" uspid="6" ordinal="0" sl="6" sc="1" el="6" ec="2" bec="0" bev="0" fileid="3" />
              </SequencePoints>
              <BranchPoints />
              <MethodPoint vc="0" uspid="0" p8:type="SequencePoint" ordinal="1" offset="1" sc="0" sl="6" ec="1" el="6" bec="0" bev="0" fileid="3" xmlns:p8="xsi" />
            </Method>
          </Methods>
        </Class>
      </Classes>
    </Module>
  </Modules>
</CoverageSession>