<?xml version="1.0" encoding="utf-8"?>
<coverage generated="1763038307" clover="4.3.1">
  <project timestamp="1763038307">
    <metrics complexity="0" elements="79" coveredelements="12" conditionals="26" coveredconditionals="2" statements="79" coveredstatements="12" coveredmethods="3" methods="7" classes="1" loc="114" ncloc="79" files="1" packages="1" />
    <package name="codeAnalysis">
      <metrics complexity="0" elements="79" coveredelements="12" conditionals="26" coveredconditionals="2" statements="79" coveredstatements="12" coveredmethods="3" methods="7" classes="1" loc="114" ncloc="79" files="1" />
      <file path="C:\Users\elkku\otp2-tasks\codeAnalysis\src\Program.cs" name="Program.cs">
        <metrics complexity="0" elements="79" coveredelements="12" conditionals="26" coveredconditionals="2" statements="79" coveredstatements="12" coveredmethods="3" methods="7" classes="1" loc="114" ncloc="79" />
        <class name="CodeAnalysis.Program">
          <metrics complexity="0" elements="79" coveredelements="12" conditionals="26" coveredconditionals="2" statements="79" coveredstatements="12" coveredmethods="3" methods="7" />
        </class>
        <line complexity="1" signature="MultiplyNumbers(System.Int32,System.Int32)" num="6" count="3" type="method" />
        <line num="7" count="3" type="stmt" />
        <line num="8" count="3" type="stmt" />
        <line complexity="1" signature="SumNumbers(System.Int32,System.Int32)" num="11" count="3" type="method" />
        <line num="12" count="3" type="stmt" />
        <line num="13" count="3" type="stmt" />
        <line complexity="2" signature="DivideNumbers(System.Int32,System.Int32)" num="16" count="4" type="method" />
        <line falsecount="0" truecount="2" num="17" type="cond" />
        <line num="18" count="1" type="stmt" />
        <line num="19" count="1" type="stmt" />
        <line num="21" count="3" type="stmt" />
        <line num="22" count="3" type="stmt" />
        <line complexity="4" signature="MultiplyNumbersFromString(System.String,System.String)" num="25" count="0" type="method" />
        <line falsecount="4" truecount="0" num="26" type="cond" />
        <line num="27" count="0" type="stmt" />
        <line num="28" count="0" type="stmt" />
        <line num="29" count="0" type="stmt" />
        <line num="30" count="0" type="stmt" />
        <line num="32" count="0" type="stmt" />
        <line num="33" count="0" type="stmt" />
        <line num="34" count="0" type="stmt" />
        <line num="35" count="0" type="stmt" />
        <line complexity="4" signature="SumNumbersFromString(System.String,System.String)" num="38" count="0" type="method" />
        <line falsecount="4" truecount="0" num="39" type="cond" />
        <line num="40" count="0" type="stmt" />
        <line num="41" count="0" type="stmt" />
        <line num="42" count="0" type="stmt" />
        <line num="43" count="0" type="stmt" />
        <line num="45" count="0" type="stmt" />
        <line num="46" count="0" type="stmt" />
        <line num="47" count="0" type="stmt" />
        <line num="48" count="0" type="stmt" />
        <line complexity="4" signature="DivideNumbersFromString(System.String,System.String)" num="51" count="0" type="method" />
        <line falsecount="4" truecount="0" num="52" type="cond" />
        <line num="53" count="0" type="stmt" />
        <line num="55" count="0" type="stmt" />
        <line num="56" count="0" type="stmt" />
        <line num="57" count="0" type="stmt" />
        <line num="58" count="0" type="stmt" />
        <line num="59" count="0" type="stmt" />
        <line num="60" count="0" type="stmt" />
        <line num="61" count="0" type="stmt" />
        <line num="62" count="0" type="stmt" />
        <line num="63" count="0" type="stmt" />
        <line num="65" count="0" type="stmt" />
        <line num="66" count="0" type="stmt" />
        <line num="67" count="0" type="stmt" />
        <line num="68" count="0" type="stmt" />
        <line complexity="12" signature="Main()" num="71" count="0" type="method" />
        <line num="73" count="0" type="stmt" />
        <line num="74" count="0" type="stmt" />
        <line num="75" count="0" type="stmt" />
        <line num="76" count="0" type="stmt" />
        <line num="79" count="0" type="stmt" />
        <line num="80" count="0" type="stmt" />
        <line falsecount="4" truecount="0" num="83" type="cond" />
        <line num="84" count="0" type="stmt" />
        <line num="85" count="0" type="stmt" />
        <line num="86" count="0" type="stmt" />
        <line falsecount="2" truecount="0" num="90" type="cond" />
        <line num="91" count="0" type="stmt" />
        <line num="92" count="0" type="stmt" />
        <line num="93" count="0" type="stmt" />
        <line falsecount="2" truecount="0" num="97" type="cond" />
        <line num="98" count="0" type="stmt" />
        <line num="99" count="0" type="stmt" />
        <line num="100" count="0" type="stmt" />
        <line falsecount="2" truecount="0" num="101" type="cond" />
        <line num="102" count="0" type="stmt" />
        <line num="103" count="0" type="stmt" />
        <line num="104" count="0" type="stmt" />
        <line falsecount="2" truecount="0" num="105" type="cond" />
        <line num="106" count="0" type="stmt" />
        <line num="107" count="0" type="stmt" />
        <line num="108" count="0" type="stmt" />
        <line num="110" count="0" type="stmt" />
        <line num="111" count="0" type="stmt" />
        <line num="112" count="0" type="stmt" />
        <line num="113" count="0" type="stmt" />
      </file>
    </package>
  </project>
  <testproject timestamp="1763038307">
    <metrics complexity="0" elements="0" coveredelements="0" conditionals="0" coveredconditionals="0" statements="0" coveredstatements="0" coveredmethods="0" methods="0" classes="0" loc="0" ncloc="0" files="0" packages="0" />
  </testproject>
</coverage>