<?xml version="1.0" encoding="utf-8"?>
<TestRun id="38479d32-b395-47ce-8c36-d680849e99fe" name="elkku@VICTUS 2025-11-13 14:51:26" runUser="VICTUS\elkku" xmlns="http://microsoft.com/schemas/VisualStudio/TeamTest/2010">
  <Times creation="2025-11-13T14:51:26.3480561+02:00" queuing="2025-11-13T14:51:26.3480568+02:00" start="2025-11-13T14:51:25.6195232+02:00" finish="2025-11-13T14:51:26.3810857+02:00" />
  <TestSettings name="default" id="01034cc1-3589-465f-ba1d-0741873e1097">
    <Deployment runDeploymentRoot="elkku_VICTUS_2025-11-13_14_51_26" />
  </TestSettings>
  <Results>
    <UnitTestResult executionId="652b4ddf-ff03-4203-b3ac-3d1ee0d85c8e" testId="c6dbabc3-8b89-2a4e-cb45-66146e61f51a" testName="Calc.Tests.CalculatorTests.DivideNumbers_WithValidNumbers_ReturnsCorrectResult" computerName="VICTUS" duration="00:00:00.0000251" startTime="2025-11-13T14:51:26.2672151+02:00" endTime="2025-11-13T14:51:26.2672151+02:00" testType="13cdc9d9-ddb5-4fa4-a97d-d965ccfc6d4b" outcome="Passed" testListId="8c84fa94-04c1-424b-9868-57a2d4851a1d" relativeResultsDirectory="652b4ddf-ff03-4203-b3ac-3d1ee0d85c8e" />
    <UnitTestResult executionId="b9ae5f2d-8693-45eb-bf26-99d354dc4445" testId="5ccdc5bf-f3e0-a2b1-2564-6af9a23c403c" testName="Calc.Tests.CalculatorTests.SumNumbers_WithNegativeNumbers_ReturnsCorrectResult" computerName="VICTUS" duration="00:00:00.0000437" startTime="2025-11-13T14:51:26.2668593+02:00" endTime="2025-11-13T14:51:26.2668594+02:00" testType="13cdc9d9-ddb5-4fa4-a97d-d965ccfc6d4b" outcome="Passed" testListId="8c84fa94-04c1-424b-9868-57a2d4851a1d" relativeResultsDirectory="b9ae5f2d-8693-45eb-bf26-99d354dc4445" />
    <UnitTestResult executionId="ad8c8d76-c89d-4cd4-a918-6a1fce01e508" testId="0aef200c-d149-8223-d3d6-90c8e568c6fc" testName="Calc.Tests.CalculatorTests.DivideNumbers_WithDecimalResult_ReturnsCorrectResult" computerName="VICTUS" duration="00:00:00.0000347" startTime="2025-11-13T14:51:26.2671597+02:00" endTime="2025-11-13T14:51:26.2671597+02:00" testType="13cdc9d9-ddb5-4fa4-a97d-d965ccfc6d4b" outcome="Passed" testListId="8c84fa94-04c1-424b-9868-57a2d4851a1d" relativeResultsDirectory="ad8c8d76-c89d-4cd4-a918-6a1fce01e508" />
    <UnitTestResult executionId="2515e659-aef0-4773-9176-122b8d40c935" testId="b5a52003-c770-98b1-3b47-6c4b7b10ff4c" testName="Calc.Tests.CalculatorTests.MultiplyNumbers_WithNegativeNumbers_ReturnsCorrectResult" computerName="VICTUS" duration="00:00:00.0000292" startTime="2025-11-13T14:51:26.2672522+02:00" endTime="2025-11-13T14:51:26.2672522+02:00" testType="13cdc9d9-ddb5-4fa4-a97d-d965ccfc6d4b" outcome="Passed" testListId="8c84fa94-04c1-424b-9868-57a2d4851a1d" relativeResultsDirectory="2515e659-aef0-4773-9176-122b8d40c935" />
    <UnitTestResult executionId="015d0b38-4821-431b-b267-7b1228b2ec7d" testId="79a789b1-5b64-a37f-1c1b-c2d12a87f5d1" testName="Calc.Tests.CalculatorTests.DivideNumbers_WithNegativeNumbers_ReturnsCorrectResult" computerName="VICTUS" duration="00:00:00.0002028" startTime="2025-11-13T14:51:26.2669529+02:00" endTime="2025-11-13T14:51:26.2669530+02:00" testType="13cdc9d9-ddb5-4fa4-a97d-d965ccfc6d4b" outcome="Passed" testListId="8c84fa94-04c1-424b-9868-57a2d4851a1d" relativeResultsDirectory="015d0b38-4821-431b-b267-7b1228b2ec7d" />
    <UnitTestResult executionId="0588173d-bb40-407a-a441-023e815d4dc8" testId="5d86cd0f-6184-2f70-196a-3279d8aea493" testName="Calc.Tests.CalculatorTests.DivideNumbers_WithZeroDivisor_ThrowsDivideByZeroException" computerName="VICTUS" duration="00:00:00.0006672" startTime="2025-11-13T14:51:26.2657050+02:00" endTime="2025-11-13T14:51:26.2657050+02:00" testType="13cdc9d9-ddb5-4fa4-a97d-d965ccfc6d4b" outcome="Passed" testListId="8c84fa94-04c1-424b-9868-57a2d4851a1d" relativeResultsDirectory="0588173d-bb40-407a-a441-023e815d4dc8" />
    <UnitTestResult executionId="81e65432-0e40-4418-9a16-52b5c8006910" testId="2b63ddf9-7a66-1e7c-c89e-d8eaf7e1c963" testName="Calc.Tests.CalculatorTests.MultiplyNumbers_WithPositiveNumbers_ReturnsCorrectResult" computerName="VICTUS" duration="00:00:00.0000251" startTime="2025-11-13T14:51:26.2940246+02:00" endTime="2025-11-13T14:51:26.2940246+02:00" testType="13cdc9d9-ddb5-4fa4-a97d-d965ccfc6d4b" outcome="Passed" testListId="8c84fa94-04c1-424b-9868-57a2d4851a1d" relativeResultsDirectory="81e65432-0e40-4418-9a16-52b5c8006910" />
    <UnitTestResult executionId="af25a733-3395-4931-b870-a4c0207b1332" testId="f7a511af-fd7e-c3fc-b044-d82f3f11410e" testName="Calc.Tests.CalculatorTests.MultiplyNumbers_WithZero_ReturnsZero" computerName="VICTUS" duration="00:00:00.0000905" startTime="2025-11-13T14:51:26.2670197+02:00" endTime="2025-11-13T14:51:26.2670197+02:00" testType="13cdc9d9-ddb5-4fa4-a97d-d965ccfc6d4b" outcome="Passed" testListId="8c84fa94-04c1-424b-9868-57a2d4851a1d" relativeResultsDirectory="af25a733-3395-4931-b870-a4c0207b1332" />
    <UnitTestResult executionId="950993ed-fa90-47c2-82fa-0860d56c7631" testId="0f5b805d-efd0-229d-239f-8b889f867716" testName="Calc.Tests.CalculatorTests.SumNumbers_WithPositiveNumbers_ReturnsCorrectResult" computerName="VICTUS" duration="00:00:00.0000826" startTime="2025-11-13T14:51:26.2667448+02:00" endTime="2025-11-13T14:51:26.2667449+02:00" testType="13cdc9d9-ddb5-4fa4-a97d-d965ccfc6d4b" outcome="Passed" testListId="8c84fa94-04c1-424b-9868-57a2d4851a1d" relativeResultsDirectory="950993ed-fa90-47c2-82fa-0860d56c7631" />
    <UnitTestResult executionId="d4c59ce0-ddca-41a2-ada5-611f97c81192" testId="b4a17833-8c8b-93a6-0c28-5212b238f045" testName="Calc.Tests.CalculatorTests.SumNumbers_WithMixedSigns_ReturnsCorrectResult" computerName="VICTUS" duration="00:00:00.0188178" startTime="2025-11-13T14:51:26.2633024+02:00" endTime="2025-11-13T14:51:26.2633172+02:00" testType="13cdc9d9-ddb5-4fa4-a97d-d965ccfc6d4b" outcome="Passed" testListId="8c84fa94-04c1-424b-9868-57a2d4851a1d" relativeResultsDirectory="d4c59ce0-ddca-41a2-ada5-611f97c81192" />
  </Results>
  <TestDefinitions>
    <UnitTest name="Calc.Tests.CalculatorTests.DivideNumbers_WithZeroDivisor_ThrowsDivideByZeroException" storage="c:\users\elkku\otp2-tasks\codeanalysis\tests\calc.tests\bin\debug\net9.0\calc.tests.dll" id="5d86cd0f-6184-2f70-196a-3279d8aea493">
      <Execution id="0588173d-bb40-407a-a441-023e815d4dc8" />
      <TestMethod codeBase="C:\Users\elkku\otp2-tasks\codeAnalysis\tests\Calc.Tests\bin\Debug\net9.0\Calc.Tests.dll" adapterTypeName="executor://xunit/VsTestRunner2/netcoreapp" className="Calc.Tests.CalculatorTests" name="DivideNumbers_WithZeroDivisor_ThrowsDivideByZeroException" />
    </UnitTest>
    <UnitTest name="Calc.Tests.CalculatorTests.MultiplyNumbers_WithPositiveNumbers_ReturnsCorrectResult" storage="c:\users\elkku\otp2-tasks\codeanalysis\tests\calc.tests\bin\debug\net9.0\calc.tests.dll" id="2b63ddf9-7a66-1e7c-c89e-d8eaf7e1c963">
      <Execution id="81e65432-0e40-4418-9a16-52b5c8006910" />
      <TestMethod codeBase="C:\Users\elkku\otp2-tasks\codeAnalysis\tests\Calc.Tests\bin\Debug\net9.0\Calc.Tests.dll" adapterTypeName="executor://xunit/VsTestRunner2/netcoreapp" className="Calc.Tests.CalculatorTests" name="MultiplyNumbers_WithPositiveNumbers_ReturnsCorrectResult" />
    </UnitTest>
    <UnitTest name="Calc.Tests.CalculatorTests.SumNumbers_WithMixedSigns_ReturnsCorrectResult" storage="c:\users\elkku\otp2-tasks\codeanalysis\tests\calc.tests\bin\debug\net9.0\calc.tests.dll" id="b4a17833-8c8b-93a6-0c28-5212b238f045">
      <Execution id="d4c59ce0-ddca-41a2-ada5-611f97c81192" />
      <TestMethod codeBase="C:\Users\elkku\otp2-tasks\codeAnalysis\tests\Calc.Tests\bin\Debug\net9.0\Calc.Tests.dll" adapterTypeName="executor://xunit/VsTestRunner2/netcoreapp" className="Calc.Tests.CalculatorTests" name="SumNumbers_WithMixedSigns_ReturnsCorrectResult" />
    </UnitTest>
    <UnitTest name="Calc.Tests.CalculatorTests.SumNumbers_WithPositiveNumbers_ReturnsCorrectResult" storage="c:\users\elkku\otp2-tasks\codeanalysis\tests\calc.tests\bin\debug\net9.0\calc.tests.dll" id="0f5b805d-efd0-229d-239f-8b889f867716">
      <Execution id="950993ed-fa90-47c2-82fa-0860d56c7631" />
      <TestMethod codeBase="C:\Users\elkku\otp2-tasks\codeAnalysis\tests\Calc.Tests\bin\Debug\net9.0\Calc.Tests.dll" adapterTypeName="executor://xunit/VsTestRunner2/netcoreapp" className="Calc.Tests.CalculatorTests" name="SumNumbers_WithPositiveNumbers_ReturnsCorrectResult" />
    </UnitTest>
    <UnitTest name="Calc.Tests.CalculatorTests.MultiplyNumbers_WithNegativeNumbers_ReturnsCorrectResult" storage="c:\users\elkku\otp2-tasks\codeanalysis\tests\calc.tests\bin\debug\net9.0\calc.tests.dll" id="b5a52003-c770-98b1-3b47-6c4b7b10ff4c">
      <Execution id="2515e659-aef0-4773-9176-122b8d40c935" />
      <TestMethod codeBase="C:\Users\elkku\otp2-tasks\codeAnalysis\tests\Calc.Tests\bin\Debug\net9.0\Calc.Tests.dll" adapterTypeName="executor://xunit/VsTestRunner2/netcoreapp" className="Calc.Tests.CalculatorTests" name="MultiplyNumbers_WithNegativeNumbers_ReturnsCorrectResult" />
    </UnitTest>
    <UnitTest name="Calc.Tests.CalculatorTests.DivideNumbers_WithValidNumbers_ReturnsCorrectResult" storage="c:\users\elkku\otp2-tasks\codeanalysis\tests\calc.tests\bin\debug\net9.0\calc.tests.dll" id="c6dbabc3-8b89-2a4e-cb45-66146e61f51a">
      <Execution id="652b4ddf-ff03-4203-b3ac-3d1ee0d85c8e" />
      <TestMethod codeBase="C:\Users\elkku\otp2-tasks\codeAnalysis\tests\Calc.Tests\bin\Debug\net9.0\Calc.Tests.dll" adapterTypeName="executor://xunit/VsTestRunner2/netcoreapp" className="Calc.Tests.CalculatorTests" name="DivideNumbers_WithValidNumbers_ReturnsCorrectResult" />
    </UnitTest>
    <UnitTest name="Calc.Tests.CalculatorTests.SumNumbers_WithNegativeNumbers_ReturnsCorrectResult" storage="c:\users\elkku\otp2-tasks\codeanalysis\tests\calc.tests\bin\debug\net9.0\calc.tests.dll" id="5ccdc5bf-f3e0-a2b1-2564-6af9a23c403c">
      <Execution id="b9ae5f2d-8693-45eb-bf26-99d354dc4445" />
      <TestMethod codeBase="C:\Users\elkku\otp2-tasks\codeAnalysis\tests\Calc.Tests\bin\Debug\net9.0\Calc.Tests.dll" adapterTypeName="executor://xunit/VsTestRunner2/netcoreapp" className="Calc.Tests.CalculatorTests" name="SumNumbers_WithNegativeNumbers_ReturnsCorrectResult" />
    </UnitTest>
    <UnitTest name="Calc.Tests.CalculatorTests.DivideNumbers_WithNegativeNumbers_ReturnsCorrectResult" storage="c:\users\elkku\otp2-tasks\codeanalysis\tests\calc.tests\bin\debug\net9.0\calc.tests.dll" id="79a789b1-5b64-a37f-1c1b-c2d12a87f5d1">
      <Execution id="015d0b38-4821-431b-b267-7b1228b2ec7d" />
      <TestMethod codeBase="C:\Users\elkku\otp2-tasks\codeAnalysis\tests\Calc.Tests\bin\Debug\net9.0\Calc.Tests.dll" adapterTypeName="executor://xunit/VsTestRunner2/netcoreapp" className="Calc.Tests.CalculatorTests" name="DivideNumbers_WithNegativeNumbers_ReturnsCorrectResult" />
    </UnitTest>
    <UnitTest name="Calc.Tests.CalculatorTests.MultiplyNumbers_WithZero_ReturnsZero" storage="c:\users\elkku\otp2-tasks\codeanalysis\tests\calc.tests\bin\debug\net9.0\calc.tests.dll" id="f7a511af-fd7e-c3fc-b044-d82f3f11410e">
      <Execution id="af25a733-3395-4931-b870-a4c0207b1332" />
      <TestMethod codeBase="C:\Users\elkku\otp2-tasks\codeAnalysis\tests\Calc.Tests\bin\Debug\net9.0\Calc.Tests.dll" adapterTypeName="executor://xunit/VsTestRunner2/netcoreapp" className="Calc.Tests.CalculatorTests" name="MultiplyNumbers_WithZero_ReturnsZero" />
    </UnitTest>
    <UnitTest name="Calc.Tests.CalculatorTests.DivideNumbers_WithDecimalResult_ReturnsCorrectResult" storage="c:\users\elkku\otp2-tasks\codeanalysis\tests\calc.tests\bin\debug\net9.0\calc.tests.dll" id="0aef200c-d149-8223-d3d6-90c8e568c6fc">
      <Execution id="ad8c8d76-c89d-4cd4-a918-6a1fce01e508" />
      <TestMethod codeBase="C:\Users\elkku\otp2-tasks\codeAnalysis\tests\Calc.Tests\bin\Debug\net9.0\Calc.Tests.dll" adapterTypeName="executor://xunit/VsTestRunner2/netcoreapp" className="Calc.Tests.CalculatorTests" name="DivideNumbers_WithDecimalResult_ReturnsCorrectResult" />
    </UnitTest>
  </TestDefinitions>
  <TestEntries>
    <TestEntry testId="c6dbabc3-8b89-2a4e-cb45-66146e61f51a" executionId="652b4ddf-ff03-4203-b3ac-3d1ee0d85c8e" testListId="8c84fa94-04c1-424b-9868-57a2d4851a1d" />
    <TestEntry testId="5ccdc5bf-f3e0-a2b1-2564-6af9a23c403c" executionId="b9ae5f2d-8693-45eb-bf26-99d354dc4445" testListId="8c84fa94-04c1-424b-9868-57a2d4851a1d" />
    <TestEntry testId="0aef200c-d149-8223-d3d6-90c8e568c6fc" executionId="ad8c8d76-c89d-4cd4-a918-6a1fce01e508" testListId="8c84fa94-04c1-424b-9868-57a2d4851a1d" />
    <TestEntry testId="b5a52003-c770-98b1-3b47-6c4b7b10ff4c" executionId="2515e659-aef0-4773-9176-122b8d40c935" testListId="8c84fa94-04c1-424b-9868-57a2d4851a1d" />
    <TestEntry testId="79a789b1-5b64-a37f-1c1b-c2d12a87f5d1" executionId="015d0b38-4821-431b-b267-7b1228b2ec7d" testListId="8c84fa94-04c1-424b-9868-57a2d4851a1d" />
    <TestEntry testId="5d86cd0f-6184-2f70-196a-3279d8aea493" executionId="0588173d-bb40-407a-a441-023e815d4dc8" testListId="8c84fa94-04c1-424b-9868-57a2d4851a1d" />
    <TestEntry testId="2b63ddf9-7a66-1e7c-c89e-d8eaf7e1c963" executionId="81e65432-0e40-4418-9a16-52b5c8006910" testListId="8c84fa94-04c1-424b-9868-57a2d4851a1d" />
    <TestEntry testId="f7a511af-fd7e-c3fc-b044-d82f3f11410e" executionId="af25a733-3395-4931-b870-a4c0207b1332" testListId="8c84fa94-04c1-424b-9868-57a2d4851a1d" />
    <TestEntry testId="0f5b805d-efd0-229d-239f-8b889f867716" executionId="950993ed-fa90-47c2-82fa-0860d56c7631" testListId="8c84fa94-04c1-424b-9868-57a2d4851a1d" />
    <TestEntry testId="b4a17833-8c8b-93a6-0c28-5212b238f045" executionId="d4c59ce0-ddca-41a2-ada5-611f97c81192" testListId="8c84fa94-04c1-424b-9868-57a2d4851a1d" />
  </TestEntries>
  <TestLists>
    <TestList name="Results Not in a List" id="8c84fa94-04c1-424b-9868-57a2d4851a1d" />
    <TestList name="All Loaded Results" id="19431567-8539-422a-85d7-44ee4e166bda" />
  </TestLists>
  <ResultSummary outcome="Completed">
    <Counters total="10" executed="10" passed="10" failed="0" error="0" timeout="0" aborted="0" inconclusive="0" passedButRunAborted="0" notRunnable="0" notExecuted="0" disconnected="0" warning="0" completed="0" inProgress="0" pending="0" />
    <Output>
      <StdOut>[xUnit.net 00:00:00.00] xUnit.net VSTest Adapter v2.8.2+699d445a1a (64-bit .NET 9.0.8)&#xD;
[xUnit.net 00:00:00.07]   Discovering: Calc.Tests&#xD;
[xUnit.net 00:00:00.10]   Discovered:  Calc.Tests&#xD;
[xUnit.net 00:00:00.10]   Starting:    Calc.Tests&#xD;
[xUnit.net 00:00:00.20]   Finished:    Calc.Tests&#xD;
</StdOut>
    </Output>
  </ResultSummary>
</TestRun>